Using pre-set license
Built from '2021.3/staging' branch; Version is '2021.3.16f1 (4016570cf34f) revision 4200023'; Using compiler version '192829333'; Build Type 'Release'
OS: 'Windows 11  (10.0.22000) 64bit Professional' Language: 'en' Physical Memory: 32559 MB
BatchMode: 1, IsHumanControllingUs: 0, StartBugReporterOnCrash: 0, Is64bit: 1, IsPro: 1

COMMAND LINE ARGUMENTS:
C:\Program Files\Unity\Hub\Editor\2021.3.16f1\Editor\Unity.exe
-adb2
-batchMode
-noUpm
-name
AssetImportWorker1
-projectPath
C:/Users/Kanumuri/Documents/GitHub/The Wendigo
-logFile
Logs/AssetImportWorker1.log
-srvPort
51738
Successfully changed project path to: C:/Users/Kanumuri/Documents/GitHub/The Wendigo
C:/Users/Kanumuri/Documents/GitHub/The Wendigo
[UnityMemory] Configuration Parameters - Can be set up in boot.config
    "memorysetup-bucket-allocator-granularity=16"
    "memorysetup-bucket-allocator-bucket-count=8"
    "memorysetup-bucket-allocator-block-size=33554432"
    "memorysetup-bucket-allocator-block-count=8"
    "memorysetup-main-allocator-block-size=16777216"
    "memorysetup-thread-allocator-block-size=16777216"
    "memorysetup-gfx-main-allocator-block-size=16777216"
    "memorysetup-gfx-thread-allocator-block-size=16777216"
    "memorysetup-cache-allocator-block-size=4194304"
    "memorysetup-typetree-allocator-block-size=2097152"
    "memorysetup-profiler-bucket-allocator-granularity=16"
    "memorysetup-profiler-bucket-allocator-bucket-count=8"
    "memorysetup-profiler-bucket-allocator-block-size=33554432"
    "memorysetup-profiler-bucket-allocator-block-count=8"
    "memorysetup-profiler-allocator-block-size=16777216"
    "memorysetup-profiler-editor-allocator-block-size=1048576"
    "memorysetup-temp-allocator-size-main=16777216"
    "memorysetup-job-temp-allocator-block-size=2097152"
    "memorysetup-job-temp-allocator-block-size-background=1048576"
    "memorysetup-job-temp-allocator-reduction-small-platforms=262144"
    "memorysetup-temp-allocator-size-background-worker=32768"
    "memorysetup-temp-allocator-size-job-worker=262144"
    "memorysetup-temp-allocator-size-preload-manager=33554432"
    "memorysetup-temp-allocator-size-nav-mesh-worker=65536"
    "memorysetup-temp-allocator-size-audio-worker=65536"
    "memorysetup-temp-allocator-size-cloud-worker=32768"
    "memorysetup-temp-allocator-size-gi-baking-worker=262144"
    "memorysetup-temp-allocator-size-gfx=262144"
Player connection [23940] Host "[IP] 192.168.0.28 [Port] 0 [Flags] 2 [Guid] 2216331135 [EditorId] 2216331135 [Version] 1048832 [Id] WindowsEditor(7,DESKTOP-TEV2OPH) [Debug] 1 [PackageName] WindowsEditor [ProjectName] Editor" joined multi-casting on [225.0.0.222:54997]...

Player connection [23940] Host "[IP] 192.168.0.28 [Port] 0 [Flags] 2 [Guid] 2216331135 [EditorId] 2216331135 [Version] 1048832 [Id] WindowsEditor(7,DESKTOP-TEV2OPH) [Debug] 1 [PackageName] WindowsEditor [ProjectName] Editor" joined alternative multi-casting on [225.0.0.222:34997]...

Refreshing native plugins compatible for Editor in 58.00 ms, found 4 plugins.
Preloading 0 native plugins for Editor in 0.00 ms.
Initialize engine version: 2021.3.16f1 (4016570cf34f)
[Subsystems] Discovering subsystems at path C:/Program Files/Unity/Hub/Editor/2021.3.16f1/Editor/Data/Resources/UnitySubsystems
[Subsystems] Discovering subsystems at path C:/Users/Kanumuri/Documents/GitHub/The Wendigo/Assets
GfxDevice: creating device client; threaded=0; jobified=0
Direct3D:
    Version:  Direct3D 11.0 [level 11.1]
    Renderer: NVIDIA GeForce RTX 3060 Ti (ID=0x2489)
    Vendor:   NVIDIA
    VRAM:     8038 MB
    Driver:   31.0.15.2756
Initialize mono
Mono path[0] = 'C:/Program Files/Unity/Hub/Editor/2021.3.16f1/Editor/Data/Managed'
Mono path[1] = 'C:/Program Files/Unity/Hub/Editor/2021.3.16f1/Editor/Data/MonoBleedingEdge/lib/mono/unityjit-win32'
Mono config path = 'C:/Program Files/Unity/Hub/Editor/2021.3.16f1/Editor/Data/MonoBleedingEdge/etc'
Using monoOptions --debugger-agent=transport=dt_socket,embedding=1,server=y,suspend=n,address=127.0.0.1:56428
Begin MonoManager ReloadAssembly
Registering precompiled unity dll's ...
Register platform support module: C:/Program Files/Unity/Hub/Editor/2021.3.16f1/Editor/Data/PlaybackEngines/WebGLSupport/UnityEditor.WebGL.Extensions.dll
Register platform support module: C:/Program Files/Unity/Hub/Editor/2021.3.16f1/Editor/Data/PlaybackEngines/MacStandaloneSupport/UnityEditor.OSXStandalone.Extensions.dll
Register platform support module: C:/Program Files/Unity/Hub/Editor/2021.3.16f1/Editor/Data/PlaybackEngines/WindowsStandaloneSupport/UnityEditor.WindowsStandalone.Extensions.dll
Register platform support module: C:/Program Files/Unity/Hub/Editor/2021.3.16f1/Editor/Data/PlaybackEngines/LinuxStandaloneSupport/UnityEditor.LinuxStandalone.Extensions.dll
Registered in 0.004796 seconds.
Native extension for LinuxStandalone target not found
Native extension for WindowsStandalone target not found
Native extension for OSXStandalone target not found
Native extension for WebGL target not found
Refreshing native plugins compatible for Editor in 55.18 ms, found 4 plugins.
Preloading 0 native plugins for Editor in 0.00 ms.
Mono: successfully reloaded assembly
- Completed reload, in  0.903 seconds
Domain Reload Profiling:
	ReloadAssembly (903ms)
		BeginReloadAssembly (131ms)
			ExecutionOrderSort (0ms)
			DisableScriptedObjects (0ms)
			BackupInstance (0ms)
			ReleaseScriptingObjects (0ms)
			CreateAndSetChildDomain (0ms)
		EndReloadAssembly (599ms)
			LoadAssemblies (129ms)
			RebuildTransferFunctionScriptingTraits (0ms)
			SetupTypeCache (343ms)
			ReleaseScriptCaches (0ms)
			RebuildScriptCaches (25ms)
			SetupLoadedEditorAssemblies (195ms)
				LogAssemblyErrors (0ms)
				InitializePlatformSupportModulesInManaged (9ms)
				SetLoadedEditorAssemblies (0ms)
				RefreshPlugins (55ms)
				BeforeProcessingInitializeOnLoad (1ms)
				ProcessInitializeOnLoadAttributes (93ms)
				ProcessInitializeOnLoadMethodAttributes (37ms)
				AfterProcessingInitializeOnLoad (0ms)
				EditorAssembliesLoaded (0ms)
			ExecutionOrderSort2 (0ms)
			AwakeInstancesAfterBackupRestoration (0ms)
Platform modules already initialized, skipping
Registering precompiled user dll's ...
Registered in 0.004724 seconds.
Begin MonoManager ReloadAssembly
Symbol file LoadedFromMemory doesn't match image C:\Users\Kanumuri\Documents\GitHub\The Wendigo\Library\PackageCache\com.unity.visualscripting@1.7.8\Editor\VisualScripting.Core\Dependencies\YamlDotNet\Unity.VisualScripting.YamlDotNet.dll
Symbol file LoadedFromMemory doesn't match image C:\Users\Kanumuri\Documents\GitHub\The Wendigo\Library\PackageCache\com.unity.visualscripting@1.7.8\Editor\VisualScripting.Core\Dependencies\DotNetZip\Unity.VisualScripting.IonicZip.dll
Native extension for LinuxStandalone target not found
Native extension for WindowsStandalone target not found
Native extension for OSXStandalone target not found
Native extension for WebGL target not found
Refreshing native plugins compatible for Editor in 64.16 ms, found 4 plugins.
Preloading 0 native plugins for Editor in 0.00 ms.
Mono: successfully reloaded assembly
- Completed reload, in  1.065 seconds
Domain Reload Profiling:
	ReloadAssembly (1066ms)
		BeginReloadAssembly (77ms)
			ExecutionOrderSort (0ms)
			DisableScriptedObjects (3ms)
			BackupInstance (0ms)
			ReleaseScriptingObjects (0ms)
			CreateAndSetChildDomain (14ms)
		EndReloadAssembly (915ms)
			LoadAssemblies (59ms)
			RebuildTransferFunctionScriptingTraits (0ms)
			SetupTypeCache (309ms)
			ReleaseScriptCaches (0ms)
			RebuildScriptCaches (36ms)
			SetupLoadedEditorAssemblies (475ms)
				LogAssemblyErrors (0ms)
				InitializePlatformSupportModulesInManaged (8ms)
				SetLoadedEditorAssemblies (0ms)
				RefreshPlugins (64ms)
				BeforeProcessingInitializeOnLoad (76ms)
				ProcessInitializeOnLoadAttributes (289ms)
				ProcessInitializeOnLoadMethodAttributes (32ms)
				AfterProcessingInitializeOnLoad (5ms)
				EditorAssembliesLoaded (0ms)
			ExecutionOrderSort2 (0ms)
			AwakeInstancesAfterBackupRestoration (6ms)
Platform modules already initialized, skipping
========================================================================
Worker process is ready to serve import requests
Launched and connected shader compiler UnityShaderCompiler.exe after 0.09 seconds
Refreshing native plugins compatible for Editor in 0.48 ms, found 4 plugins.
Preloading 0 native plugins for Editor in 0.00 ms.
Unloading 4069 Unused Serialized files (Serialized files now loaded: 0)
Unloading 44 unused Assets / (229.5 KB). Loaded Objects now: 4521.
Memory consumption went from 153.5 MB to 153.3 MB.
Total: 2.485200 ms (FindLiveObjects: 0.202900 ms CreateObjectMapping: 0.101500 ms MarkObjects: 2.058300 ms  DeleteObjects: 0.121800 ms)

AssetImportParameters requested are different than current active one (requested -> active):
  custom:video-decoder-ogg-theora: a1e56fd34408186e4bbccfd4996cb3dc -> 
  custom:container-muxer-webm: aa71ff27fc2769a1b78a27578f13a17b -> 
  custom:container-demuxer-webm: 4f35f7cbe854078d1ac9338744f61a02 -> 
  custom:video-encoder-webm-vp8: eb34c28f22e8b96e1ab97ce403110664 -> 
  custom:audio-encoder-webm-vorbis: bf7c407c2cedff20999df2af8eb42d56 -> 
  custom:framework-win-MediaFoundation: 216162199b28c13a410421893ffa2e32 -> 
  custom:container-demuxer-ogg: 62fdf1f143b41e24485cea50d1cbac27 -> 
  custom:video-decoder-webm-vp8: 9c59270c3fd7afecdb556c50c9e8de78 -> 
  custom:audio-decoder-ogg-vorbis: bf7c407c2cedff20999df2af8eb42d56 -> 
========================================================================
Received Import Request.
  Time since last request: 1451576.072665 seconds.
  path: Assets/viking_axe_pack/sprites_viking_axe/axe_origin/attack1_2.png
  artifactKey: Guid(44d8c17d380c83f4e9a3f8277a1ded8c) Importer(815301076,1909f56bfc062723c751e8b465ee728b)
Start importing Assets/viking_axe_pack/sprites_viking_axe/axe_origin/attack1_2.png using Guid(44d8c17d380c83f4e9a3f8277a1ded8c) Importer(815301076,1909f56bfc062723c751e8b465ee728b)  -> (artifact id: '7292d96978e5e9cf78bef867b7f8abd7') in 0.089182 seconds 
========================================================================
Received Import Request.
  Time since last request: 0.000035 seconds.
  path: Assets/viking_axe_pack/sprites_viking_axe/axe_origin/hit_3.png
  artifactKey: Guid(72f5ff69f6d95c34c9fde77d748ac110) Importer(815301076,1909f56bfc062723c751e8b465ee728b)
Start importing Assets/viking_axe_pack/sprites_viking_axe/axe_origin/hit_3.png using Guid(72f5ff69f6d95c34c9fde77d748ac110) Importer(815301076,1909f56bfc062723c751e8b465ee728b)  -> (artifact id: '3576ddda8aba0045f65795c779819204') in 0.016275 seconds 
========================================================================
Received Import Request.
  Time since last request: 0.000044 seconds.
  path: Assets/viking_axe_pack/sprites_viking_axe/axe_origin/run_2.png
  artifactKey: Guid(3169525bb20f02849bfb3bfa1d8fecb0) Importer(815301076,1909f56bfc062723c751e8b465ee728b)
Start importing Assets/viking_axe_pack/sprites_viking_axe/axe_origin/run_2.png using Guid(3169525bb20f02849bfb3bfa1d8fecb0) Importer(815301076,1909f56bfc062723c751e8b465ee728b)  -> (artifact id: '05fd86901a0a17b3a4066539255ef93c') in 0.012426 seconds 
========================================================================
Received Import Request.
  Time since last request: 0.000025 seconds.
  path: Assets/viking_axe_pack/sprites_viking_axe/axe_origin/ready_6.png
  artifactKey: Guid(4d19ee1a95d083643bfb5e9df57b4a8d) Importer(815301076,1909f56bfc062723c751e8b465ee728b)
Start importing Assets/viking_axe_pack/sprites_viking_axe/axe_origin/ready_6.png using Guid(4d19ee1a95d083643bfb5e9df57b4a8d) Importer(815301076,1909f56bfc062723c751e8b465ee728b)  -> (artifact id: 'fa9c6ab243ac48766a58c57099a08b01') in 0.015107 seconds 
========================================================================
Received Import Request.
  Time since last request: 0.000027 seconds.
  path: Assets/viking_axe_pack/sprites_viking_axe/axe_origin/ready_5.png
  artifactKey: Guid(9ed329797f7708c40a5d95575bf957e2) Importer(815301076,1909f56bfc062723c751e8b465ee728b)
Start importing Assets/viking_axe_pack/sprites_viking_axe/axe_origin/ready_5.png using Guid(9ed329797f7708c40a5d95575bf957e2) Importer(815301076,1909f56bfc062723c751e8b465ee728b)  -> (artifact id: 'd7733f353144e7e40f663cdf8c1d0e5c') in 0.013613 seconds 
========================================================================
Received Import Request.
  Time since last request: 0.000027 seconds.
  path: Assets/viking_axe_pack/sprites_viking_axe/axe_origin/ready_1.png
  artifactKey: Guid(d91e73c2f938ffa4084fadf78f61d9de) Importer(815301076,1909f56bfc062723c751e8b465ee728b)
Start importing Assets/viking_axe_pack/sprites_viking_axe/axe_origin/ready_1.png using Guid(d91e73c2f938ffa4084fadf78f61d9de) Importer(815301076,1909f56bfc062723c751e8b465ee728b)  -> (artifact id: '1d30dd1ed8c3b74456927dcb6229155c') in 0.011664 seconds 
========================================================================
Received Import Request.
  Time since last request: 0.000029 seconds.
  path: Assets/viking_axe_pack/sprites_viking_axe/axe_origin/hit_1.png
  artifactKey: Guid(7cf54415644faff43876d79f34a059de) Importer(815301076,1909f56bfc062723c751e8b465ee728b)
Start importing Assets/viking_axe_pack/sprites_viking_axe/axe_origin/hit_1.png using Guid(7cf54415644faff43876d79f34a059de) Importer(815301076,1909f56bfc062723c751e8b465ee728b)  -> (artifact id: 'a2287efe0d13af1c5e1e34e129f9b012') in 0.015111 seconds 
========================================================================
Received Import Request.
  Time since last request: 0.000021 seconds.
  path: Assets/viking_axe_pack/sprites_viking_axe/axe_origin/roll_2.png
  artifactKey: Guid(7f99c1c0b1fc7ee4d9f3b3547ea39ab7) Importer(815301076,1909f56bfc062723c751e8b465ee728b)
Start importing Assets/viking_axe_pack/sprites_viking_axe/axe_origin/roll_2.png using Guid(7f99c1c0b1fc7ee4d9f3b3547ea39ab7) Importer(815301076,1909f56bfc062723c751e8b465ee728b)  -> (artifact id: '8b35522502888a3e89eb32b482edc3dd') in 0.013479 seconds 
========================================================================
Received Import Request.
  Time since last request: 0.000018 seconds.
  path: Assets/viking_axe_pack/sprites_viking_axe/axe_origin/attack2_5.png
  artifactKey: Guid(30f9edd05f57c5646ba3caf191e45a5b) Importer(815301076,1909f56bfc062723c751e8b465ee728b)
Start importing Assets/viking_axe_pack/sprites_viking_axe/axe_origin/attack2_5.png using Guid(30f9edd05f57c5646ba3caf191e45a5b) Importer(815301076,1909f56bfc062723c751e8b465ee728b)  -> (artifact id: 'c4bea555c8a3197b730a10d127302e3d') in 0.018876 seconds 
========================================================================
Received Import Request.
  Time since last request: 0.000025 seconds.
  path: Assets/viking_axe_pack/sprites_viking_axe/axe_origin/attack1_3.png
  artifactKey: Guid(ec0ed31f3a9fde84f9e01ac05e19ee61) Importer(815301076,1909f56bfc062723c751e8b465ee728b)
Start importing Assets/viking_axe_pack/sprites_viking_axe/axe_origin/attack1_3.png using Guid(ec0ed31f3a9fde84f9e01ac05e19ee61) Importer(815301076,1909f56bfc062723c751e8b465ee728b)  -> (artifact id: '399d9a7926e2696d992c86ed831abcfb') in 0.019758 seconds 
========================================================================
Received Import Request.
  Time since last request: 0.000034 seconds.
  path: Assets/viking_axe_pack/sprites_viking_axe/axe_origin/ready_2.png
  artifactKey: Guid(d596af570d9a1fe4ab222eae07242d61) Importer(815301076,1909f56bfc062723c751e8b465ee728b)
Start importing Assets/viking_axe_pack/sprites_viking_axe/axe_origin/ready_2.png using Guid(d596af570d9a1fe4ab222eae07242d61) Importer(815301076,1909f56bfc062723c751e8b465ee728b)  -> (artifact id: 'a302f91885a17378ef68dee642d12a94') in 0.015937 seconds 
========================================================================
Received Import Request.
  Time since last request: 0.000025 seconds.
  path: Assets/viking_axe_pack/sprites_viking_axe/axe_origin/ready_3.png
  artifactKey: Guid(8948e83ba72c5e84396b2e5735dd7d32) Importer(815301076,1909f56bfc062723c751e8b465ee728b)
Start importing Assets/viking_axe_pack/sprites_viking_axe/axe_origin/ready_3.png using Guid(8948e83ba72c5e84396b2e5735dd7d32) Importer(815301076,1909f56bfc062723c751e8b465ee728b)  -> (artifact id: '07aa43b9b7b437adf57f1b48626adf52') in 0.014365 seconds 
========================================================================
Received Import Request.
  Time since last request: 0.000030 seconds.
  path: Assets/viking_axe_pack/sprites_viking_axe/axe_origin/jump_4.png
  artifactKey: Guid(df731fbc12769614ba7391d1e2bf67d0) Importer(815301076,1909f56bfc062723c751e8b465ee728b)
Start importing Assets/viking_axe_pack/sprites_viking_axe/axe_origin/jump_4.png using Guid(df731fbc12769614ba7391d1e2bf67d0) Importer(815301076,1909f56bfc062723c751e8b465ee728b)  -> (artifact id: '5753eac7648e8e91661206fb62064819') in 0.016670 seconds 
========================================================================
Received Import Request.
  Time since last request: 0.000023 seconds.
  path: Assets/viking_axe_pack/sprites_viking_axe/axe_origin/attack2_1.png
  artifactKey: Guid(7f06a1fbb07be8d448ba054a9853f444) Importer(815301076,1909f56bfc062723c751e8b465ee728b)
Start importing Assets/viking_axe_pack/sprites_viking_axe/axe_origin/attack2_1.png using Guid(7f06a1fbb07be8d448ba054a9853f444) Importer(815301076,1909f56bfc062723c751e8b465ee728b)  -> (artifact id: '1e2b6fb45ec864b4c619ecdfb851d092') in 0.012232 seconds 
========================================================================
Received Import Request.
  Time since last request: 0.000039 seconds.
  path: Assets/viking_axe_pack/sprites_viking_axe/axe_origin/attack2_6.png
  artifactKey: Guid(0d167f91c3074874e9d52a880e74c2c9) Importer(815301076,1909f56bfc062723c751e8b465ee728b)
Start importing Assets/viking_axe_pack/sprites_viking_axe/axe_origin/attack2_6.png using Guid(0d167f91c3074874e9d52a880e74c2c9) Importer(815301076,1909f56bfc062723c751e8b465ee728b)  -> (artifact id: '105f0b4b9930b28f1dada5361709d955') in 0.011859 seconds 
========================================================================
Received Import Request.
  Time since last request: 0.000035 seconds.
  path: Assets/viking_axe_pack/sprites_viking_axe/axe_origin/ready_4.png
  artifactKey: Guid(1d40b2c293c84c04cba04435b2a8140f) Importer(815301076,1909f56bfc062723c751e8b465ee728b)
Start importing Assets/viking_axe_pack/sprites_viking_axe/axe_origin/ready_4.png using Guid(1d40b2c293c84c04cba04435b2a8140f) Importer(815301076,1909f56bfc062723c751e8b465ee728b)  -> (artifact id: '2b10c48553042cff781429b7379b1160') in 0.011864 seconds 
========================================================================
Received Import Request.
  Time since last request: 0.000023 seconds.
  path: Assets/viking_axe_pack/sprites_viking_axe/axe_origin/run_6.png
  artifactKey: Guid(7646a0e707d78054fa760790ab2504b6) Importer(815301076,1909f56bfc062723c751e8b465ee728b)
Start importing Assets/viking_axe_pack/sprites_viking_axe/axe_origin/run_6.png using Guid(7646a0e707d78054fa760790ab2504b6) Importer(815301076,1909f56bfc062723c751e8b465ee728b)  -> (artifact id: 'd05a6a459f6e89b57dcf6536569f451a') in 0.012407 seconds 
========================================================================
Received Import Request.
  Time since last request: 0.000026 seconds.
  path: Assets/viking_axe_pack/sprites_viking_axe/axe_origin/dead_2.png
  artifactKey: Guid(baeb6774c4363354d9f2aad472d5b7d8) Importer(815301076,1909f56bfc062723c751e8b465ee728b)
Start importing Assets/viking_axe_pack/sprites_viking_axe/axe_origin/dead_2.png using Guid(baeb6774c4363354d9f2aad472d5b7d8) Importer(815301076,1909f56bfc062723c751e8b465ee728b)  -> (artifact id: '555ec7e56b56c88313230a4806cce958') in 0.011896 seconds 
========================================================================
Received Import Request.
  Time since last request: 0.000022 seconds.
  path: Assets/viking_axe_pack/sprites_viking_axe/axe_origin/run_3.png
  artifactKey: Guid(38e17af04d64d984fa92e9c941d32d8a) Importer(815301076,1909f56bfc062723c751e8b465ee728b)
Start importing Assets/viking_axe_pack/sprites_viking_axe/axe_origin/run_3.png using Guid(38e17af04d64d984fa92e9c941d32d8a) Importer(815301076,1909f56bfc062723c751e8b465ee728b)  -> (artifact id: 'ef4ec4c2415e296003855a1f4364944a') in 0.012418 seconds 
========================================================================
Received Import Request.
  Time since last request: 0.000025 seconds.
  path: Assets/viking_axe_pack/sprites_viking_axe/axe_origin/run_4.png
  artifactKey: Guid(59595c95487d12f439a6d6c451349554) Importer(815301076,1909f56bfc062723c751e8b465ee728b)
Start importing Assets/viking_axe_pack/sprites_viking_axe/axe_origin/run_4.png using Guid(59595c95487d12f439a6d6c451349554) Importer(815301076,1909f56bfc062723c751e8b465ee728b)  -> (artifact id: '8a7557d3479701e0fa4e4d37fa784302') in 0.012319 seconds 
========================================================================
Received Import Request.
  Time since last request: 0.000036 seconds.
  path: Assets/viking_axe_pack/sprites_viking_axe/axe_origin/roll_1.png
  artifactKey: Guid(1583fc93a875f8c438706101336be655) Importer(815301076,1909f56bfc062723c751e8b465ee728b)
Start importing Assets/viking_axe_pack/sprites_viking_axe/axe_origin/roll_1.png using Guid(1583fc93a875f8c438706101336be655) Importer(815301076,1909f56bfc062723c751e8b465ee728b)  -> (artifact id: 'b04dd6615498faa75f4da1182bc11d52') in 0.013029 seconds 
========================================================================
Received Import Request.
  Time since last request: 0.000026 seconds.
  path: Assets/viking_axe_pack/sprites_viking_axe/axe_origin/attack2_2.png
  artifactKey: Guid(586444de30800024bb9a191b53233666) Importer(815301076,1909f56bfc062723c751e8b465ee728b)
Start importing Assets/viking_axe_pack/sprites_viking_axe/axe_origin/attack2_2.png using Guid(586444de30800024bb9a191b53233666) Importer(815301076,1909f56bfc062723c751e8b465ee728b)  -> (artifact id: '5467fd614f66f65e55475ade5c14f07d') in 0.012995 seconds 
========================================================================
Received Import Request.
  Time since last request: 0.000025 seconds.
  path: Assets/viking_axe_pack/sprites_viking_axe/axe_origin/roll_6.png
  artifactKey: Guid(b98876912394b2b488711ad22c90e65c) Importer(815301076,1909f56bfc062723c751e8b465ee728b)
Start importing Assets/viking_axe_pack/sprites_viking_axe/axe_origin/roll_6.png using Guid(b98876912394b2b488711ad22c90e65c) Importer(815301076,1909f56bfc062723c751e8b465ee728b)  -> (artifact id: 'f1db6f83d446c25cab99d848b54c8073') in 0.012390 seconds 
========================================================================
Received Import Request.
  Time since last request: 36.713451 seconds.
  path: Assets/viking_axe_pack/sprites_viking_axe/axe_origin/attack1_2.png
  artifactKey: Guid(44d8c17d380c83f4e9a3f8277a1ded8c) Importer(815301076,1909f56bfc062723c751e8b465ee728b)
Start importing Assets/viking_axe_pack/sprites_viking_axe/axe_origin/attack1_2.png using Guid(44d8c17d380c83f4e9a3f8277a1ded8c) Importer(815301076,1909f56bfc062723c751e8b465ee728b)  -> (artifact id: '2ddbe53ffb5207d4f946f902e41bb4c9') in 0.012344 seconds 
========================================================================
Received Import Request.
  Time since last request: 0.000027 seconds.
  path: Assets/viking_axe_pack/sprites_viking_axe/axe_origin/roll_5.png
  artifactKey: Guid(6111e307d46f48846a8229e3ba1cbce7) Importer(815301076,1909f56bfc062723c751e8b465ee728b)
Start importing Assets/viking_axe_pack/sprites_viking_axe/axe_origin/roll_5.png using Guid(6111e307d46f48846a8229e3ba1cbce7) Importer(815301076,1909f56bfc062723c751e8b465ee728b)  -> (artifact id: '5ab3c8658785c8dba524eb56b7a3a6ed') in 0.011792 seconds 
========================================================================
Received Import Request.
  Time since last request: 0.000030 seconds.
  path: Assets/viking_axe_pack/sprites_viking_axe/axe_origin/run_2.png
  artifactKey: Guid(3169525bb20f02849bfb3bfa1d8fecb0) Importer(815301076,1909f56bfc062723c751e8b465ee728b)
Start importing Assets/viking_axe_pack/sprites_viking_axe/axe_origin/run_2.png using Guid(3169525bb20f02849bfb3bfa1d8fecb0) Importer(815301076,1909f56bfc062723c751e8b465ee728b)  -> (artifact id: '50b633bbbd2563dea387472efa0747db') in 0.009546 seconds 
========================================================================
Received Import Request.
  Time since last request: 0.000050 seconds.
  path: Assets/viking_axe_pack/sprites_viking_axe/axe_origin/walk_6.png
  artifactKey: Guid(a2ac3aab96e9c6843a62f054efc9f6ce) Importer(815301076,1909f56bfc062723c751e8b465ee728b)
Start importing Assets/viking_axe_pack/sprites_viking_axe/axe_origin/walk_6.png using Guid(a2ac3aab96e9c6843a62f054efc9f6ce) Importer(815301076,1909f56bfc062723c751e8b465ee728b)  -> (artifact id: '812dd8ac2678b601fb873cf697447f62') in 0.015449 seconds 
========================================================================
Received Import Request.
  Time since last request: 0.000029 seconds.
  path: Assets/viking_axe_pack/sprites_viking_axe/axe_origin/hit_1.png
  artifactKey: Guid(7cf54415644faff43876d79f34a059de) Importer(815301076,1909f56bfc062723c751e8b465ee728b)
Start importing Assets/viking_axe_pack/sprites_viking_axe/axe_origin/hit_1.png using Guid(7cf54415644faff43876d79f34a059de) Importer(815301076,1909f56bfc062723c751e8b465ee728b)  -> (artifact id: '42160fe309ca26f2eb75364af098ff67') in 0.012657 seconds 
========================================================================
Received Import Request.
  Time since last request: 0.000023 seconds.
  path: Assets/viking_axe_pack/sprites_viking_axe/axe_origin/roll_2.png
  artifactKey: Guid(7f99c1c0b1fc7ee4d9f3b3547ea39ab7) Importer(815301076,1909f56bfc062723c751e8b465ee728b)
Start importing Assets/viking_axe_pack/sprites_viking_axe/axe_origin/roll_2.png using Guid(7f99c1c0b1fc7ee4d9f3b3547ea39ab7) Importer(815301076,1909f56bfc062723c751e8b465ee728b)  -> (artifact id: '9d6dc1a905b219c8e0909099b967b641') in 0.010230 seconds 
========================================================================
Received Import Request.
  Time since last request: 0.000020 seconds.
  path: Assets/viking_axe_pack/sprites_viking_axe/axe_origin/dead_3.png
  artifactKey: Guid(86016b6696e25234d9b4b3a0e455cbf2) Importer(815301076,1909f56bfc062723c751e8b465ee728b)
Start importing Assets/viking_axe_pack/sprites_viking_axe/axe_origin/dead_3.png using Guid(86016b6696e25234d9b4b3a0e455cbf2) Importer(815301076,1909f56bfc062723c751e8b465ee728b)  -> (artifact id: 'd325b82a8d234c363c39a1c100db7e94') in 0.015479 seconds 
========================================================================
Received Import Request.
  Time since last request: 0.000022 seconds.
  path: Assets/viking_axe_pack/sprites_viking_axe/axe_origin/walk_4.png
  artifactKey: Guid(599b4976beb52c940a96b3c48feb5953) Importer(815301076,1909f56bfc062723c751e8b465ee728b)
Start importing Assets/viking_axe_pack/sprites_viking_axe/axe_origin/walk_4.png using Guid(599b4976beb52c940a96b3c48feb5953) Importer(815301076,1909f56bfc062723c751e8b465ee728b)  -> (artifact id: '905c631c55d7aae4bd0f3d2477d6f5b4') in 0.015279 seconds 
========================================================================
Received Import Request.
  Time since last request: 0.000022 seconds.
  path: Assets/viking_axe_pack/sprites_viking_axe/axe_origin/walk_2.png
  artifactKey: Guid(83f7cde4e39212a4dbea1a3bc861ac9e) Importer(815301076,1909f56bfc062723c751e8b465ee728b)
Start importing Assets/viking_axe_pack/sprites_viking_axe/axe_origin/walk_2.png using Guid(83f7cde4e39212a4dbea1a3bc861ac9e) Importer(815301076,1909f56bfc062723c751e8b465ee728b)  -> (artifact id: '5d611611e712bc1b88629199a5710b2d') in 0.010690 seconds 
========================================================================
Received Import Request.
  Time since last request: 0.000024 seconds.
  path: Assets/viking_axe_pack/sprites_viking_axe/axe_origin/roll_4.png
  artifactKey: Guid(1e8d44e699a349a4e895391ec4a9dc31) Importer(815301076,1909f56bfc062723c751e8b465ee728b)
Start importing Assets/viking_axe_pack/sprites_viking_axe/axe_origin/roll_4.png using Guid(1e8d44e699a349a4e895391ec4a9dc31) Importer(815301076,1909f56bfc062723c751e8b465ee728b)  -> (artifact id: '47222e44c0560642dbc892628abcf5f1') in 0.013085 seconds 
========================================================================
Received Import Request.
  Time since last request: 0.000026 seconds.
  path: Assets/viking_axe_pack/sprites_viking_axe/axe_origin/jump_1.png
  artifactKey: Guid(19be6bc37f9533d4d868e9d1b75916c8) Importer(815301076,1909f56bfc062723c751e8b465ee728b)
Start importing Assets/viking_axe_pack/sprites_viking_axe/axe_origin/jump_1.png using Guid(19be6bc37f9533d4d868e9d1b75916c8) Importer(815301076,1909f56bfc062723c751e8b465ee728b)  -> (artifact id: '62d993066ddd6e831c177645343a53a5') in 0.010326 seconds 
========================================================================
Received Import Request.
  Time since last request: 0.000020 seconds.
  path: Assets/viking_axe_pack/sprites_viking_axe/axe_origin/dead_4.png
  artifactKey: Guid(3395745943cb2d64694f6bc709fd827c) Importer(815301076,1909f56bfc062723c751e8b465ee728b)
Start importing Assets/viking_axe_pack/sprites_viking_axe/axe_origin/dead_4.png using Guid(3395745943cb2d64694f6bc709fd827c) Importer(815301076,1909f56bfc062723c751e8b465ee728b)  -> (artifact id: '7734a8c5e301fa0cc3376aad42b1a578') in 0.012388 seconds 
========================================================================
Received Import Request.
  Time since last request: 0.000042 seconds.
  path: Assets/viking_axe_pack/sprites_viking_axe/axe_origin/walk_1.png
  artifactKey: Guid(7524de68e4403f545b1602c01b9caa86) Importer(815301076,1909f56bfc062723c751e8b465ee728b)
Start importing Assets/viking_axe_pack/sprites_viking_axe/axe_origin/walk_1.png using Guid(7524de68e4403f545b1602c01b9caa86) Importer(815301076,1909f56bfc062723c751e8b465ee728b)  -> (artifact id: 'f80e32fa46f56967062bb8b34f5fdbea') in 0.014822 seconds 
========================================================================
Received Prepare
Registering precompiled user dll's ...
Registered in 0.004303 seconds.
Begin MonoManager ReloadAssembly
Symbol file LoadedFromMemory doesn't match image C:\Users\Kanumuri\Documents\GitHub\The Wendigo\Library\PackageCache\com.unity.visualscripting@1.7.8\Editor\VisualScripting.Core\Dependencies\YamlDotNet\Unity.VisualScripting.YamlDotNet.dll
Symbol file LoadedFromMemory doesn't match image C:\Users\Kanumuri\Documents\GitHub\The Wendigo\Library\PackageCache\com.unity.visualscripting@1.7.8\Editor\VisualScripting.Core\Dependencies\DotNetZip\Unity.VisualScripting.IonicZip.dll
Native extension for LinuxStandalone target not found
Native extension for WindowsStandalone target not found
Native extension for OSXStandalone target not found
Native extension for WebGL target not found
Refreshing native plugins compatible for Editor in 0.56 ms, found 4 plugins.
Preloading 0 native plugins for Editor in 0.00 ms.
Mono: successfully reloaded assembly
- Completed reload, in  0.796 seconds
Domain Reload Profiling:
	ReloadAssembly (797ms)
		BeginReloadAssembly (104ms)
			ExecutionOrderSort (0ms)
			DisableScriptedObjects (5ms)
			BackupInstance (0ms)
			ReleaseScriptingObjects (0ms)
			CreateAndSetChildDomain (34ms)
		EndReloadAssembly (622ms)
			LoadAssemblies (66ms)
			RebuildTransferFunctionScriptingTraits (0ms)
			SetupTypeCache (159ms)
			ReleaseScriptCaches (1ms)
			RebuildScriptCaches (36ms)
			SetupLoadedEditorAssemblies (323ms)
				LogAssemblyErrors (0ms)
				InitializePlatformSupportModulesInManaged (14ms)
				SetLoadedEditorAssemblies (0ms)
				RefreshPlugins (1ms)
				BeforeProcessingInitializeOnLoad (54ms)
				ProcessInitializeOnLoadAttributes (221ms)
				ProcessInitializeOnLoadMethodAttributes (29ms)
				AfterProcessingInitializeOnLoad (4ms)
				EditorAssembliesLoaded (0ms)
			ExecutionOrderSort2 (0ms)
			AwakeInstancesAfterBackupRestoration (7ms)
Platform modules already initialized, skipping
Refreshing native plugins compatible for Editor in 1.67 ms, found 4 plugins.
Preloading 0 native plugins for Editor in 0.00 ms.
Unloading 4052 Unused Serialized files (Serialized files now loaded: 0)
Unloading 31 unused Assets / (196.0 KB). Loaded Objects now: 4533.
Memory consumption went from 156.5 MB to 156.3 MB.
Total: 2.466100 ms (FindLiveObjects: 0.197800 ms CreateObjectMapping: 0.150100 ms MarkObjects: 1.993100 ms  DeleteObjects: 0.124000 ms)

AssetImportParameters requested are different than current active one (requested -> active):
  custom:video-decoder-ogg-theora: a1e56fd34408186e4bbccfd4996cb3dc -> 
  custom:container-muxer-webm: aa71ff27fc2769a1b78a27578f13a17b -> 
  custom:container-demuxer-webm: 4f35f7cbe854078d1ac9338744f61a02 -> 
  custom:video-encoder-webm-vp8: eb34c28f22e8b96e1ab97ce403110664 -> 
  custom:audio-encoder-webm-vorbis: bf7c407c2cedff20999df2af8eb42d56 -> 
  custom:framework-win-MediaFoundation: 216162199b28c13a410421893ffa2e32 -> 
  custom:container-demuxer-ogg: 62fdf1f143b41e24485cea50d1cbac27 -> 
  custom:video-decoder-webm-vp8: 9c59270c3fd7afecdb556c50c9e8de78 -> 
  custom:audio-decoder-ogg-vorbis: bf7c407c2cedff20999df2af8eb42d56 -> 
Editor requested this worker to shutdown with reason: Scaling down because of idle timeout
AssetImportWorker is now disconnected from the server
Process exiting
Exiting without the bug reporter. Application will terminate with return code 0